Starting debug script
Testing Gelato Client with corrected URL...
GELATO_API_KEY is SET (length: 110)
Sending draft order request via gelatoClient...
✅ Order created successfully: {
  "id": "182ab610-776d-4d15-a993-a1861f8f1dc6",
  "clientId": "214de3c1-3edd-426f-b742-55cf5219448b",
  "orderReferenceId": "REF-1767274583141-862",
  "customerReferenceId": null,
  "fulfillmentStatus": "draft",
  "financialStatus": "draft",
  "currency": "EUR",
  "shippingAddress": {
    "id": "9e6c4e45-c24d-4879-b36e-79a87f7b651b",
    "orderId": "182ab610-776d-4d15-a993-a1861f8f1dc6",
    "country": "DE",
    "firstName": "Test",
    "lastName": "User",
    "companyName": null,
    "addressLine1": "Test Street 1",
    "addressLine2": "",
    "city": "Berlin",
    "postCode": "10115",
    "state": "Berlin",
    "email": "support@bookloo.xyz",
    "phone": null,
    "isBusiness": false,
    "federalTaxId": null,
    "stateTaxId": null,
    "registrationState": null
  },
  "items": [
    {
      "id": "9f74e911-e72b-4a3e-a39a-a9683b64a7b0",
      "itemReferenceId": "ITEM-1767274583141-624",
      "productUid": "framed_poster_mounted_premium_400x400-mm-16x16-inch_black_wood_w20xt20-mm_plexiglass_400x400-mm-16x16-inch_200-gsm-80lb-coated-silk_4-0_hor",
      "storeProductVariantId": null,
      "storeProductId": null,
      "files": [
        {
          "id": null,
          "type": "default",
          "url": "https://placehold.co/1000x1000.png",
          "threadColors": [],
          "isVisible": false,
          "fitMethod": null,
          "fillMethod": null,
          "mimeType": null,
          "metadata": [],
          "contentScreeningResults": [],
          "hash": null,
          "digitizedFiles": []
        }
      ],
      "processedFileUrl": null,
      "quantity": 1,
      "options": [],
      "category": null,
      "productCategoryUid": "wall-art",
      "productTypeUid": "mounted-framed-poster",
      "productNameUid": "premium-wooden-mounted-framed-poster-with-premium-semi-glossy-paper",
      "productName": "Premium Wooden Mounted Framed Poster With Premium Semi-Glossy Paper",
      "fulfillmentStatus": "created",
      "pageCount": null,
      "printJobs": [],
      "eventLog": [],
      "previews": [],
      "designId": null,
      "productFileMimeType": "",
      "finalProductUid": "framed_poster_mounted_premium_400x400-mm-16x16-inch_black_wood_w20xt20-mm_plexiglass_400x400-mm-16x16-inch_200-gsm-80lb-coated-silk_4-0_hor",
      "metadata": [],
      "retailPriceInclVat": null,
      "attributes": [
        {
          "name": "size",
          "title": "Size",
          "value": "400x400-mm-16x16-inch",
          "formattedValue": "40x40cm / 16x16\""
        },
        {
          "name": "color",
          "title": "Color",
          "value": "black",
          "formattedValue": "Black"
        },
        {
          "name": "orientation",
          "title": "Orientation",
          "value": "hor",
          "formattedValue": "Horizontal (landscape) orientation"
        }
      ],
      "itemReferenceName": null,
      "isIgnored": false,
      "price": 35.9,
      "customTrim": null,
      "fileUrl": "https://placehold.co/1000x1000.png",
      "dpi": 0,
      "appServices": [],
      "filesSize": null,
      "productVariant": [],
      "refusalReason": null,
      "refusalReasonCode": null,
      "sourceOrderItemId": null
    }
  ],
  "shipment": {
    "id": "482e318a-79c2-4007-8420-32283e266fd6",
    "orderProductId": null,
    "shippingAddressId": "9e6c4e45-c24d-4879-b36e-79a87f7b651b",
    "promiseUid": null,
    "packageCount": null,
    "shipmentMethodUid": null,
    "shipmentMethodName": null,
    "isCheapest": null,
    "minDeliveryDays": null,
    "maxDeliveryDays": null,
    "minDeliveryDate": null,
    "maxDeliveryDate": null,
    "totalWeight": null,
    "price": null,
    "status": null,
    "packages": [],
    "fulfillmentCountry": null,
    "fulfillmentFacilityId": null,
    "retailShippingPriceInclVat": null,
    "initialMinDeliveryDate": null,
    "initialMaxDeliveryDate": null,
    "serviceType": null,
    "speedType": null
  },
  "receipts": [
    {
      "id": "68327307-943b-4708-b44c-2467b2e481f1",
      "orderId": "182ab610-776d-4d15-a993-a1861f8f1dc6",
      "type": "contract",
      "currency": "EUR",
      "items": [
        {
          "id": "12eed4a1-f393-4075-8a26-0954aa0f0cd9",
          "receiptId": "68327307-943b-4708-b44c-2467b2e481f1",
          "orderId": "182ab610-776d-4d15-a993-a1861f8f1dc6",
          "clientId": "214de3c1-3edd-426f-b742-55cf5219448b",
          "type": "product",
          "referenceId": "9f74e911-e72b-4a3e-a39a-a9683b64a7b0",
          "title": "1x framed_poster_mounted_premium_400x400-mm-16x16-inch_black_wood_w20xt20-mm_plexiglass_400x400-mm-16x16-inch_200-gsm-80lb-coated-silk_4-0_hor",
          "currency": "EUR",
          "priceBase": 35.9,
          "amount": 1,
          "priceInitial": 35.9,
          "discount": 0,
          "price": 35.9,
          "vat": 0,
          "priceInclVat": 0,
          "pricePlanId": "3df18050-1b0b-44fe-bfaf-d1ac7a05b4d0",
          "createdAt": "2026-01-01T13:36:24+00:00",
          "updatedAt": "2026-01-01T13:36:24+00:00"
        },
        {
          "id": "5869eb36-0da2-43aa-95e0-9bae67337c1a",
          "receiptId": "68327307-943b-4708-b44c-2467b2e481f1",
          "orderId": "182ab610-776d-4d15-a993-a1861f8f1dc6",
          "clientId": "214de3c1-3edd-426f-b742-55cf5219448b",
          "type": "shipment",
          "referenceId": "482e318a-79c2-4007-8420-32283e266fd6",
          "title": "Delivery using ",
          "currency": "EUR",
          "priceBase": 0,
          "amount": 1,
          "priceInitial": 0,
          "discount": 0,
          "price": 0,
          "vat": 0,
          "priceInclVat": 0,
          "pricePlanId": null,
          "createdAt": "2026-01-01T13:36:24+00:00",
          "updatedAt": "2026-01-01T13:36:24+00:00"
        },
        {
          "id": "7814a9d4-8c94-4d49-9f59-5e038bac3a32",
          "receiptId": "68327307-943b-4708-b44c-2467b2e481f1",
          "orderId": "182ab610-776d-4d15-a993-a1861f8f1dc6",
          "clientId": "214de3c1-3edd-426f-b742-55cf5219448b",
          "type": "packaging",
          "referenceId": "482e318a-79c2-4007-8420-32283e266fd6",
          "title": "Packaging",
          "currency": "EUR",
          "priceBase": 0,
          "amount": 1,
          "priceInitial": 0,
          "discount": 0,
          "price": 0,
          "vat": 0,
          "priceInclVat": 0,
          "pricePlanId": null,
          "createdAt": "2026-01-01T13:36:24+00:00",
          "updatedAt": "2026-01-01T13:36:24+00:00"
        }
      ],
      "createdAt": "2026-01-01T13:36:24+00:00",
      "updatedAt": "2026-01-01T13:36:24+00:00",
      "receiptNumber": null,
      "billingEntity": {
        "id": 488141,
        "companyName": "Bookloo",
        "companyNumber": "",
        "companyVatNumber": "",
        "companyVatNumbers": [],
        "countryIsoCode": "DE",
        "country": "DE",
        "recipientName": "Dekory Jallow",
        "addressLine1": "Friedrich-Naumann-Str. 40",
        "addressLine2": null,
        "city": "Hamburg",
        "postCode": "21075",
        "stateCode": "",
        "state": "",
        "email": "de.jal@outlook.de",
        "phone": "+49 1512 9663077",
        "currencyIsoCode": "EUR",
        "currency": "EUR",
        "status": 1,
        "iossNumber": null,
        "invoiceType": null
      },
      "billingTag": null,
      "transactionType": "purchase",
      "productsPriceInitial": 35.9,
      "productsPriceDiscount": 0,
      "productsPrice": 35.9,
      "productsPriceVat": 0,
      "productsPriceInclVat": 0,
      "digitizationPriceInitial": 0,
      "digitizationPriceDiscount": 0,
      "digitizationPrice": 0,
      "digitizationPriceVat": 0,
      "digitizationPriceInclVat": 0,
      "shippingPriceInitial": 0,
      "shippingPriceDiscount": 0,
      "shippingPrice": 0,
      "shippingPriceVat": 0,
      "shippingPriceInclVat": 0,
      "packagingPriceInitial": 0,
      "packagingPriceDiscount": 0,
      "packagingPrice": 0,
      "packagingPriceVat": 0,
      "packagingPriceInclVat": 0,
      "discount": 0,
      "discountVat": 0,
      "discountInclVat": 0,
      "totalInitial": 35.9,
      "total": 35.9,
      "totalVat": 0,
      "totalInclVat": 0,
      "isCalculated": true
    }
  ],
  "createdAt": "2026-01-01T13:36:24+00:00",
  "refusalReason": null,
  "channel": "api",
  "storeId": null,
  "orderedByUserId": null,
  "orderType": "draft",
  "metadata": [],
  "billingEntity": {
    "id": 488141,
    "companyName": "Bookloo",
    "companyNumber": "",
    "companyVatNumber": "",
    "companyVatNumbers": [],
    "countryIsoCode": "DE",
    "country": "DE",
    "recipientName": "Dekory Jallow",
    "addressLine1": "Friedrich-Naumann-Str. 40",
    "addressLine2": null,
    "city": "Hamburg",
    "postCode": "21075",
    "stateCode": "",
    "state": "",
    "email": "de.jal@outlook.de",
    "phone": "+49 1512 9663077",
    "currencyIsoCode": "EUR",
    "currency": "EUR",
    "status": 1,
    "iossNumber": null,
    "invoiceType": null
  },
  "retailCurrency": null,
  "paymentMethodType": null,
  "paymentMethodId": null,
  "prepaymentTransactionId": null,
  "orderedAt": null,
  "updatedAt": "2026-01-01T13:36:24+00:00",
  "connectedOrderIds": [],
  "discounts": [],
  "returnAddress": null,
  "iossNumber": null,
  "refusalReasonCode": null,
  "refusalReasonDetails": null,
  "comment": null,
  "digitizationId": null,
  "appServices": [],
  "shipmentMethodUid": null,
  "sourceOrderId": null,
  "delegations": [],
  "delayDays": null,
  "shippedAt": null,
  "shipmentDueDate": null,
  "packagingInstructions": [],
  "onHoldUntil": null,
  "reportedIssues": [],
  "issueSource": null,
  "orderExternalId": null,
  "internalNotes": null,
  "productionRequestId": null
}
